CRITICAL - 2023-09-27 09:24:43 --> Undefined variable $data
in APPPATH\Controllers\MusicController.php on line 24.
 1 APPPATH\Controllers\MusicController.php(24): CodeIgniter\Debug\Exceptions->errorHandler(2, 'Undefined variable $data', 'C:\\laragon\\www\\MUSIC\\mp\\app\\Controllers\\MusicController.php', 24)
 2 SYSTEMPATH\CodeIgniter.php(919): App\Controllers\MusicController->searchsong()
 3 SYSTEMPATH\CodeIgniter.php(494): CodeIgniter\CodeIgniter->runController(Object(App\Controllers\MusicController))
 4 SYSTEMPATH\CodeIgniter.php(353): CodeIgniter\CodeIgniter->handleRequest(null, Object(Config\Cache), false)
 5 FCPATH\index.php(79): CodeIgniter\CodeIgniter->run()
 6 SYSTEMPATH\Commands\Server\rewrite.php(47): require_once('C:\\laragon\\www\\MUSIC\\mp\\public\\index.php')
CRITICAL - 2023-09-27 09:38:34 --> Undefined variable $music
in APPPATH\Views\music.php on line 96.
 1 APPPATH\Views\music.php(96): CodeIgniter\Debug\Exceptions->errorHandler(2, 'Undefined variable $music', 'C:\\laragon\\www\\MUSIC\\mp\\app\\Views\\music.php', 96)
 2 SYSTEMPATH\View\View.php(226): include('C:\\laragon\\www\\MUSIC\\mp\\app\\Views\\music.php')
 3 SYSTEMPATH\View\View.php(229): CodeIgniter\View\View->CodeIgniter\View\{closure}()
 4 SYSTEMPATH\Common.php(1188): CodeIgniter\View\View->render('music', [], true)
 5 APPPATH\Controllers\MusicController.php(24): view('music', [...])
 6 SYSTEMPATH\CodeIgniter.php(919): App\Controllers\MusicController->searchsong()
 7 SYSTEMPATH\CodeIgniter.php(494): CodeIgniter\CodeIgniter->runController(Object(App\Controllers\MusicController))
 8 SYSTEMPATH\CodeIgniter.php(353): CodeIgniter\CodeIgniter->handleRequest(null, Object(Config\Cache), false)
 9 FCPATH\index.php(79): CodeIgniter\CodeIgniter->run()
10 SYSTEMPATH\Commands\Server\rewrite.php(47): require_once('C:\\laragon\\www\\MUSIC\\mp\\public\\index.php')
CRITICAL - 2023-09-27 09:38:44 --> Undefined variable $music
in APPPATH\Views\music.php on line 96.
 1 APPPATH\Views\music.php(96): CodeIgniter\Debug\Exceptions->errorHandler(2, 'Undefined variable $music', 'C:\\laragon\\www\\MUSIC\\mp\\app\\Views\\music.php', 96)
 2 SYSTEMPATH\View\View.php(226): include('C:\\laragon\\www\\MUSIC\\mp\\app\\Views\\music.php')
 3 SYSTEMPATH\View\View.php(229): CodeIgniter\View\View->CodeIgniter\View\{closure}()
 4 SYSTEMPATH\Common.php(1188): CodeIgniter\View\View->render('music', [], true)
 5 APPPATH\Controllers\MusicController.php(24): view('music', [...])
 6 SYSTEMPATH\CodeIgniter.php(919): App\Controllers\MusicController->searchsong()
 7 SYSTEMPATH\CodeIgniter.php(494): CodeIgniter\CodeIgniter->runController(Object(App\Controllers\MusicController))
 8 SYSTEMPATH\CodeIgniter.php(353): CodeIgniter\CodeIgniter->handleRequest(null, Object(Config\Cache), false)
 9 FCPATH\index.php(79): CodeIgniter\CodeIgniter->run()
10 SYSTEMPATH\Commands\Server\rewrite.php(47): require_once('C:\\laragon\\www\\MUSIC\\mp\\public\\index.php')
CRITICAL - 2023-09-27 09:39:59 --> Undefined variable $m
in APPPATH\Views\music.php on line 97.
 1 APPPATH\Views\music.php(97): CodeIgniter\Debug\Exceptions->errorHandler(2, 'Undefined variable $m', 'C:\\laragon\\www\\MUSIC\\mp\\app\\Views\\music.php', 97)
 2 SYSTEMPATH\View\View.php(226): include('C:\\laragon\\www\\MUSIC\\mp\\app\\Views\\music.php')
 3 SYSTEMPATH\View\View.php(229): CodeIgniter\View\View->CodeIgniter\View\{closure}()
 4 SYSTEMPATH\Common.php(1188): CodeIgniter\View\View->render('music', [], true)
 5 APPPATH\Controllers\MusicController.php(24): view('music', [...])
 6 SYSTEMPATH\CodeIgniter.php(919): App\Controllers\MusicController->searchsong()
 7 SYSTEMPATH\CodeIgniter.php(494): CodeIgniter\CodeIgniter->runController(Object(App\Controllers\MusicController))
 8 SYSTEMPATH\CodeIgniter.php(353): CodeIgniter\CodeIgniter->handleRequest(null, Object(Config\Cache), false)
 9 FCPATH\index.php(79): CodeIgniter\CodeIgniter->run()
10 SYSTEMPATH\Commands\Server\rewrite.php(47): require_once('C:\\laragon\\www\\MUSIC\\mp\\public\\index.php')
CRITICAL - 2023-09-27 09:41:15 --> Undefined variable $musicname
in APPPATH\Views\music.php on line 97.
 1 APPPATH\Views\music.php(97): CodeIgniter\Debug\Exceptions->errorHandler(2, 'Undefined variable $musicname', 'C:\\laragon\\www\\MUSIC\\mp\\app\\Views\\music.php', 97)
 2 SYSTEMPATH\View\View.php(226): include('C:\\laragon\\www\\MUSIC\\mp\\app\\Views\\music.php')
 3 SYSTEMPATH\View\View.php(229): CodeIgniter\View\View->CodeIgniter\View\{closure}()
 4 SYSTEMPATH\Common.php(1188): CodeIgniter\View\View->render('music', [], true)
 5 APPPATH\Controllers\MusicController.php(24): view('music', [...])
 6 SYSTEMPATH\CodeIgniter.php(919): App\Controllers\MusicController->searchsong()
 7 SYSTEMPATH\CodeIgniter.php(494): CodeIgniter\CodeIgniter->runController(Object(App\Controllers\MusicController))
 8 SYSTEMPATH\CodeIgniter.php(353): CodeIgniter\CodeIgniter->handleRequest(null, Object(Config\Cache), false)
 9 FCPATH\index.php(79): CodeIgniter\CodeIgniter->run()
10 SYSTEMPATH\Commands\Server\rewrite.php(47): require_once('C:\\laragon\\www\\MUSIC\\mp\\public\\index.php')
CRITICAL - 2023-09-27 09:41:16 --> Undefined variable $musicname
in APPPATH\Views\music.php on line 97.
 1 APPPATH\Views\music.php(97): CodeIgniter\Debug\Exceptions->errorHandler(2, 'Undefined variable $musicname', 'C:\\laragon\\www\\MUSIC\\mp\\app\\Views\\music.php', 97)
 2 SYSTEMPATH\View\View.php(226): include('C:\\laragon\\www\\MUSIC\\mp\\app\\Views\\music.php')
 3 SYSTEMPATH\View\View.php(229): CodeIgniter\View\View->CodeIgniter\View\{closure}()
 4 SYSTEMPATH\Common.php(1188): CodeIgniter\View\View->render('music', [], true)
 5 APPPATH\Controllers\MusicController.php(24): view('music', [...])
 6 SYSTEMPATH\CodeIgniter.php(919): App\Controllers\MusicController->searchsong()
 7 SYSTEMPATH\CodeIgniter.php(494): CodeIgniter\CodeIgniter->runController(Object(App\Controllers\MusicController))
 8 SYSTEMPATH\CodeIgniter.php(353): CodeIgniter\CodeIgniter->handleRequest(null, Object(Config\Cache), false)
 9 FCPATH\index.php(79): CodeIgniter\CodeIgniter->run()
10 SYSTEMPATH\Commands\Server\rewrite.php(47): require_once('C:\\laragon\\www\\MUSIC\\mp\\public\\index.php')
CRITICAL - 2023-09-27 09:41:16 --> Undefined variable $musicname
in APPPATH\Views\music.php on line 97.
 1 APPPATH\Views\music.php(97): CodeIgniter\Debug\Exceptions->errorHandler(2, 'Undefined variable $musicname', 'C:\\laragon\\www\\MUSIC\\mp\\app\\Views\\music.php', 97)
 2 SYSTEMPATH\View\View.php(226): include('C:\\laragon\\www\\MUSIC\\mp\\app\\Views\\music.php')
 3 SYSTEMPATH\View\View.php(229): CodeIgniter\View\View->CodeIgniter\View\{closure}()
 4 SYSTEMPATH\Common.php(1188): CodeIgniter\View\View->render('music', [], true)
 5 APPPATH\Controllers\MusicController.php(24): view('music', [...])
 6 SYSTEMPATH\CodeIgniter.php(919): App\Controllers\MusicController->searchsong()
 7 SYSTEMPATH\CodeIgniter.php(494): CodeIgniter\CodeIgniter->runController(Object(App\Controllers\MusicController))
 8 SYSTEMPATH\CodeIgniter.php(353): CodeIgniter\CodeIgniter->handleRequest(null, Object(Config\Cache), false)
 9 FCPATH\index.php(79): CodeIgniter\CodeIgniter->run()
10 SYSTEMPATH\Commands\Server\rewrite.php(47): require_once('C:\\laragon\\www\\MUSIC\\mp\\public\\index.php')
CRITICAL - 2023-09-27 09:41:16 --> Undefined variable $musicname
in APPPATH\Views\music.php on line 97.
 1 APPPATH\Views\music.php(97): CodeIgniter\Debug\Exceptions->errorHandler(2, 'Undefined variable $musicname', 'C:\\laragon\\www\\MUSIC\\mp\\app\\Views\\music.php', 97)
 2 SYSTEMPATH\View\View.php(226): include('C:\\laragon\\www\\MUSIC\\mp\\app\\Views\\music.php')
 3 SYSTEMPATH\View\View.php(229): CodeIgniter\View\View->CodeIgniter\View\{closure}()
 4 SYSTEMPATH\Common.php(1188): CodeIgniter\View\View->render('music', [], true)
 5 APPPATH\Controllers\MusicController.php(24): view('music', [...])
 6 SYSTEMPATH\CodeIgniter.php(919): App\Controllers\MusicController->searchsong()
 7 SYSTEMPATH\CodeIgniter.php(494): CodeIgniter\CodeIgniter->runController(Object(App\Controllers\MusicController))
 8 SYSTEMPATH\CodeIgniter.php(353): CodeIgniter\CodeIgniter->handleRequest(null, Object(Config\Cache), false)
 9 FCPATH\index.php(79): CodeIgniter\CodeIgniter->run()
10 SYSTEMPATH\Commands\Server\rewrite.php(47): require_once('C:\\laragon\\www\\MUSIC\\mp\\public\\index.php')
CRITICAL - 2023-09-27 09:41:16 --> Undefined variable $musicname
in APPPATH\Views\music.php on line 97.
 1 APPPATH\Views\music.php(97): CodeIgniter\Debug\Exceptions->errorHandler(2, 'Undefined variable $musicname', 'C:\\laragon\\www\\MUSIC\\mp\\app\\Views\\music.php', 97)
 2 SYSTEMPATH\View\View.php(226): include('C:\\laragon\\www\\MUSIC\\mp\\app\\Views\\music.php')
 3 SYSTEMPATH\View\View.php(229): CodeIgniter\View\View->CodeIgniter\View\{closure}()
 4 SYSTEMPATH\Common.php(1188): CodeIgniter\View\View->render('music', [], true)
 5 APPPATH\Controllers\MusicController.php(24): view('music', [...])
 6 SYSTEMPATH\CodeIgniter.php(919): App\Controllers\MusicController->searchsong()
 7 SYSTEMPATH\CodeIgniter.php(494): CodeIgniter\CodeIgniter->runController(Object(App\Controllers\MusicController))
 8 SYSTEMPATH\CodeIgniter.php(353): CodeIgniter\CodeIgniter->handleRequest(null, Object(Config\Cache), false)
 9 FCPATH\index.php(79): CodeIgniter\CodeIgniter->run()
10 SYSTEMPATH\Commands\Server\rewrite.php(47): require_once('C:\\laragon\\www\\MUSIC\\mp\\public\\index.php')
CRITICAL - 2023-09-27 09:41:25 --> Undefined variable $musicname
in APPPATH\Views\music.php on line 97.
 1 APPPATH\Views\music.php(97): CodeIgniter\Debug\Exceptions->errorHandler(2, 'Undefined variable $musicname', 'C:\\laragon\\www\\MUSIC\\mp\\app\\Views\\music.php', 97)
 2 SYSTEMPATH\View\View.php(226): include('C:\\laragon\\www\\MUSIC\\mp\\app\\Views\\music.php')
 3 SYSTEMPATH\View\View.php(229): CodeIgniter\View\View->CodeIgniter\View\{closure}()
 4 SYSTEMPATH\Common.php(1188): CodeIgniter\View\View->render('music', [], true)
 5 APPPATH\Controllers\MusicController.php(24): view('music', [...])
 6 SYSTEMPATH\CodeIgniter.php(919): App\Controllers\MusicController->searchsong()
 7 SYSTEMPATH\CodeIgniter.php(494): CodeIgniter\CodeIgniter->runController(Object(App\Controllers\MusicController))
 8 SYSTEMPATH\CodeIgniter.php(353): CodeIgniter\CodeIgniter->handleRequest(null, Object(Config\Cache), false)
 9 FCPATH\index.php(79): CodeIgniter\CodeIgniter->run()
10 SYSTEMPATH\Commands\Server\rewrite.php(47): require_once('C:\\laragon\\www\\MUSIC\\mp\\public\\index.php')
CRITICAL - 2023-09-27 09:44:43 --> Undefined variable $musicname
in APPPATH\Views\music.php on line 97.
 1 APPPATH\Views\music.php(97): CodeIgniter\Debug\Exceptions->errorHandler(2, 'Undefined variable $musicname', 'C:\\laragon\\www\\MUSIC\\mp\\app\\Views\\music.php', 97)
 2 SYSTEMPATH\View\View.php(226): include('C:\\laragon\\www\\MUSIC\\mp\\app\\Views\\music.php')
 3 SYSTEMPATH\View\View.php(229): CodeIgniter\View\View->CodeIgniter\View\{closure}()
 4 SYSTEMPATH\Common.php(1188): CodeIgniter\View\View->render('music', [], true)
 5 APPPATH\Controllers\MusicController.php(24): view('music', [...])
 6 SYSTEMPATH\CodeIgniter.php(919): App\Controllers\MusicController->searchsong()
 7 SYSTEMPATH\CodeIgniter.php(494): CodeIgniter\CodeIgniter->runController(Object(App\Controllers\MusicController))
 8 SYSTEMPATH\CodeIgniter.php(353): CodeIgniter\CodeIgniter->handleRequest(null, Object(Config\Cache), false)
 9 FCPATH\index.php(79): CodeIgniter\CodeIgniter->run()
10 SYSTEMPATH\Commands\Server\rewrite.php(47): require_once('C:\\laragon\\www\\MUSIC\\mp\\public\\index.php')
CRITICAL - 2023-09-27 09:44:43 --> Undefined variable $musicname
in APPPATH\Views\music.php on line 97.
 1 APPPATH\Views\music.php(97): CodeIgniter\Debug\Exceptions->errorHandler(2, 'Undefined variable $musicname', 'C:\\laragon\\www\\MUSIC\\mp\\app\\Views\\music.php', 97)
 2 SYSTEMPATH\View\View.php(226): include('C:\\laragon\\www\\MUSIC\\mp\\app\\Views\\music.php')
 3 SYSTEMPATH\View\View.php(229): CodeIgniter\View\View->CodeIgniter\View\{closure}()
 4 SYSTEMPATH\Common.php(1188): CodeIgniter\View\View->render('music', [], true)
 5 APPPATH\Controllers\MusicController.php(24): view('music', [...])
 6 SYSTEMPATH\CodeIgniter.php(919): App\Controllers\MusicController->searchsong()
 7 SYSTEMPATH\CodeIgniter.php(494): CodeIgniter\CodeIgniter->runController(Object(App\Controllers\MusicController))
 8 SYSTEMPATH\CodeIgniter.php(353): CodeIgniter\CodeIgniter->handleRequest(null, Object(Config\Cache), false)
 9 FCPATH\index.php(79): CodeIgniter\CodeIgniter->run()
10 SYSTEMPATH\Commands\Server\rewrite.php(47): require_once('C:\\laragon\\www\\MUSIC\\mp\\public\\index.php')
CRITICAL - 2023-09-27 09:44:43 --> Undefined variable $musicname
in APPPATH\Views\music.php on line 97.
 1 APPPATH\Views\music.php(97): CodeIgniter\Debug\Exceptions->errorHandler(2, 'Undefined variable $musicname', 'C:\\laragon\\www\\MUSIC\\mp\\app\\Views\\music.php', 97)
 2 SYSTEMPATH\View\View.php(226): include('C:\\laragon\\www\\MUSIC\\mp\\app\\Views\\music.php')
 3 SYSTEMPATH\View\View.php(229): CodeIgniter\View\View->CodeIgniter\View\{closure}()
 4 SYSTEMPATH\Common.php(1188): CodeIgniter\View\View->render('music', [], true)
 5 APPPATH\Controllers\MusicController.php(24): view('music', [...])
 6 SYSTEMPATH\CodeIgniter.php(919): App\Controllers\MusicController->searchsong()
 7 SYSTEMPATH\CodeIgniter.php(494): CodeIgniter\CodeIgniter->runController(Object(App\Controllers\MusicController))
 8 SYSTEMPATH\CodeIgniter.php(353): CodeIgniter\CodeIgniter->handleRequest(null, Object(Config\Cache), false)
 9 FCPATH\index.php(79): CodeIgniter\CodeIgniter->run()
10 SYSTEMPATH\Commands\Server\rewrite.php(47): require_once('C:\\laragon\\www\\MUSIC\\mp\\public\\index.php')
CRITICAL - 2023-09-27 09:44:43 --> Undefined variable $musicname
in APPPATH\Views\music.php on line 97.
 1 APPPATH\Views\music.php(97): CodeIgniter\Debug\Exceptions->errorHandler(2, 'Undefined variable $musicname', 'C:\\laragon\\www\\MUSIC\\mp\\app\\Views\\music.php', 97)
 2 SYSTEMPATH\View\View.php(226): include('C:\\laragon\\www\\MUSIC\\mp\\app\\Views\\music.php')
 3 SYSTEMPATH\View\View.php(229): CodeIgniter\View\View->CodeIgniter\View\{closure}()
 4 SYSTEMPATH\Common.php(1188): CodeIgniter\View\View->render('music', [], true)
 5 APPPATH\Controllers\MusicController.php(24): view('music', [...])
 6 SYSTEMPATH\CodeIgniter.php(919): App\Controllers\MusicController->searchsong()
 7 SYSTEMPATH\CodeIgniter.php(494): CodeIgniter\CodeIgniter->runController(Object(App\Controllers\MusicController))
 8 SYSTEMPATH\CodeIgniter.php(353): CodeIgniter\CodeIgniter->handleRequest(null, Object(Config\Cache), false)
 9 FCPATH\index.php(79): CodeIgniter\CodeIgniter->run()
10 SYSTEMPATH\Commands\Server\rewrite.php(47): require_once('C:\\laragon\\www\\MUSIC\\mp\\public\\index.php')
CRITICAL - 2023-09-27 09:44:44 --> Undefined variable $musicname
in APPPATH\Views\music.php on line 97.
 1 APPPATH\Views\music.php(97): CodeIgniter\Debug\Exceptions->errorHandler(2, 'Undefined variable $musicname', 'C:\\laragon\\www\\MUSIC\\mp\\app\\Views\\music.php', 97)
 2 SYSTEMPATH\View\View.php(226): include('C:\\laragon\\www\\MUSIC\\mp\\app\\Views\\music.php')
 3 SYSTEMPATH\View\View.php(229): CodeIgniter\View\View->CodeIgniter\View\{closure}()
 4 SYSTEMPATH\Common.php(1188): CodeIgniter\View\View->render('music', [], true)
 5 APPPATH\Controllers\MusicController.php(24): view('music', [...])
 6 SYSTEMPATH\CodeIgniter.php(919): App\Controllers\MusicController->searchsong()
 7 SYSTEMPATH\CodeIgniter.php(494): CodeIgniter\CodeIgniter->runController(Object(App\Controllers\MusicController))
 8 SYSTEMPATH\CodeIgniter.php(353): CodeIgniter\CodeIgniter->handleRequest(null, Object(Config\Cache), false)
 9 FCPATH\index.php(79): CodeIgniter\CodeIgniter->run()
10 SYSTEMPATH\Commands\Server\rewrite.php(47): require_once('C:\\laragon\\www\\MUSIC\\mp\\public\\index.php')
CRITICAL - 2023-09-27 09:44:44 --> Undefined variable $musicname
in APPPATH\Views\music.php on line 97.
 1 APPPATH\Views\music.php(97): CodeIgniter\Debug\Exceptions->errorHandler(2, 'Undefined variable $musicname', 'C:\\laragon\\www\\MUSIC\\mp\\app\\Views\\music.php', 97)
 2 SYSTEMPATH\View\View.php(226): include('C:\\laragon\\www\\MUSIC\\mp\\app\\Views\\music.php')
 3 SYSTEMPATH\View\View.php(229): CodeIgniter\View\View->CodeIgniter\View\{closure}()
 4 SYSTEMPATH\Common.php(1188): CodeIgniter\View\View->render('music', [], true)
 5 APPPATH\Controllers\MusicController.php(24): view('music', [...])
 6 SYSTEMPATH\CodeIgniter.php(919): App\Controllers\MusicController->searchsong()
 7 SYSTEMPATH\CodeIgniter.php(494): CodeIgniter\CodeIgniter->runController(Object(App\Controllers\MusicController))
 8 SYSTEMPATH\CodeIgniter.php(353): CodeIgniter\CodeIgniter->handleRequest(null, Object(Config\Cache), false)
 9 FCPATH\index.php(79): CodeIgniter\CodeIgniter->run()
10 SYSTEMPATH\Commands\Server\rewrite.php(47): require_once('C:\\laragon\\www\\MUSIC\\mp\\public\\index.php')
CRITICAL - 2023-09-27 09:46:17 --> Undefined variable $musicname
in APPPATH\Views\music.php on line 97.
 1 APPPATH\Views\music.php(97): CodeIgniter\Debug\Exceptions->errorHandler(2, 'Undefined variable $musicname', 'C:\\laragon\\www\\MUSIC\\mp\\app\\Views\\music.php', 97)
 2 SYSTEMPATH\View\View.php(226): include('C:\\laragon\\www\\MUSIC\\mp\\app\\Views\\music.php')
 3 SYSTEMPATH\View\View.php(229): CodeIgniter\View\View->CodeIgniter\View\{closure}()
 4 SYSTEMPATH\Common.php(1188): CodeIgniter\View\View->render('music', [], true)
 5 APPPATH\Controllers\MusicController.php(24): view('music', [...])
 6 SYSTEMPATH\CodeIgniter.php(919): App\Controllers\MusicController->searchsong()
 7 SYSTEMPATH\CodeIgniter.php(494): CodeIgniter\CodeIgniter->runController(Object(App\Controllers\MusicController))
 8 SYSTEMPATH\CodeIgniter.php(353): CodeIgniter\CodeIgniter->handleRequest(null, Object(Config\Cache), false)
 9 FCPATH\index.php(79): CodeIgniter\CodeIgniter->run()
10 SYSTEMPATH\Commands\Server\rewrite.php(47): require_once('C:\\laragon\\www\\MUSIC\\mp\\public\\index.php')
CRITICAL - 2023-09-27 09:46:17 --> Undefined variable $musicname
in APPPATH\Views\music.php on line 97.
 1 APPPATH\Views\music.php(97): CodeIgniter\Debug\Exceptions->errorHandler(2, 'Undefined variable $musicname', 'C:\\laragon\\www\\MUSIC\\mp\\app\\Views\\music.php', 97)
 2 SYSTEMPATH\View\View.php(226): include('C:\\laragon\\www\\MUSIC\\mp\\app\\Views\\music.php')
 3 SYSTEMPATH\View\View.php(229): CodeIgniter\View\View->CodeIgniter\View\{closure}()
 4 SYSTEMPATH\Common.php(1188): CodeIgniter\View\View->render('music', [], true)
 5 APPPATH\Controllers\MusicController.php(24): view('music', [...])
 6 SYSTEMPATH\CodeIgniter.php(919): App\Controllers\MusicController->searchsong()
 7 SYSTEMPATH\CodeIgniter.php(494): CodeIgniter\CodeIgniter->runController(Object(App\Controllers\MusicController))
 8 SYSTEMPATH\CodeIgniter.php(353): CodeIgniter\CodeIgniter->handleRequest(null, Object(Config\Cache), false)
 9 FCPATH\index.php(79): CodeIgniter\CodeIgniter->run()
10 SYSTEMPATH\Commands\Server\rewrite.php(47): require_once('C:\\laragon\\www\\MUSIC\\mp\\public\\index.php')
CRITICAL - 2023-09-27 09:46:17 --> Undefined variable $musicname
in APPPATH\Views\music.php on line 97.
 1 APPPATH\Views\music.php(97): CodeIgniter\Debug\Exceptions->errorHandler(2, 'Undefined variable $musicname', 'C:\\laragon\\www\\MUSIC\\mp\\app\\Views\\music.php', 97)
 2 SYSTEMPATH\View\View.php(226): include('C:\\laragon\\www\\MUSIC\\mp\\app\\Views\\music.php')
 3 SYSTEMPATH\View\View.php(229): CodeIgniter\View\View->CodeIgniter\View\{closure}()
 4 SYSTEMPATH\Common.php(1188): CodeIgniter\View\View->render('music', [], true)
 5 APPPATH\Controllers\MusicController.php(24): view('music', [...])
 6 SYSTEMPATH\CodeIgniter.php(919): App\Controllers\MusicController->searchsong()
 7 SYSTEMPATH\CodeIgniter.php(494): CodeIgniter\CodeIgniter->runController(Object(App\Controllers\MusicController))
 8 SYSTEMPATH\CodeIgniter.php(353): CodeIgniter\CodeIgniter->handleRequest(null, Object(Config\Cache), false)
 9 FCPATH\index.php(79): CodeIgniter\CodeIgniter->run()
10 SYSTEMPATH\Commands\Server\rewrite.php(47): require_once('C:\\laragon\\www\\MUSIC\\mp\\public\\index.php')
CRITICAL - 2023-09-27 09:46:43 --> Undefined variable $musicname
in APPPATH\Views\music.php on line 97.
 1 APPPATH\Views\music.php(97): CodeIgniter\Debug\Exceptions->errorHandler(2, 'Undefined variable $musicname', 'C:\\laragon\\www\\MUSIC\\mp\\app\\Views\\music.php', 97)
 2 SYSTEMPATH\View\View.php(226): include('C:\\laragon\\www\\MUSIC\\mp\\app\\Views\\music.php')
 3 SYSTEMPATH\View\View.php(229): CodeIgniter\View\View->CodeIgniter\View\{closure}()
 4 SYSTEMPATH\Common.php(1188): CodeIgniter\View\View->render('music', [], true)
 5 APPPATH\Controllers\MusicController.php(24): view('music', [...])
 6 SYSTEMPATH\CodeIgniter.php(919): App\Controllers\MusicController->searchsong()
 7 SYSTEMPATH\CodeIgniter.php(494): CodeIgniter\CodeIgniter->runController(Object(App\Controllers\MusicController))
 8 SYSTEMPATH\CodeIgniter.php(353): CodeIgniter\CodeIgniter->handleRequest(null, Object(Config\Cache), false)
 9 FCPATH\index.php(79): CodeIgniter\CodeIgniter->run()
10 SYSTEMPATH\Commands\Server\rewrite.php(47): require_once('C:\\laragon\\www\\MUSIC\\mp\\public\\index.php')
CRITICAL - 2023-09-27 09:46:57 --> Undefined variable $musicname
in APPPATH\Views\music.php on line 97.
 1 APPPATH\Views\music.php(97): CodeIgniter\Debug\Exceptions->errorHandler(2, 'Undefined variable $musicname', 'C:\\laragon\\www\\MUSIC\\mp\\app\\Views\\music.php', 97)
 2 SYSTEMPATH\View\View.php(226): include('C:\\laragon\\www\\MUSIC\\mp\\app\\Views\\music.php')
 3 SYSTEMPATH\View\View.php(229): CodeIgniter\View\View->CodeIgniter\View\{closure}()
 4 SYSTEMPATH\Common.php(1188): CodeIgniter\View\View->render('music', [], true)
 5 APPPATH\Controllers\MusicController.php(24): view('music', [...])
 6 SYSTEMPATH\CodeIgniter.php(919): App\Controllers\MusicController->searchsong()
 7 SYSTEMPATH\CodeIgniter.php(494): CodeIgniter\CodeIgniter->runController(Object(App\Controllers\MusicController))
 8 SYSTEMPATH\CodeIgniter.php(353): CodeIgniter\CodeIgniter->handleRequest(null, Object(Config\Cache), false)
 9 FCPATH\index.php(79): CodeIgniter\CodeIgniter->run()
10 SYSTEMPATH\Commands\Server\rewrite.php(47): require_once('C:\\laragon\\www\\MUSIC\\mp\\public\\index.php')
CRITICAL - 2023-09-27 09:48:43 --> Undefined variable $musicname
in APPPATH\Views\music.php on line 99.
 1 APPPATH\Views\music.php(99): CodeIgniter\Debug\Exceptions->errorHandler(2, 'Undefined variable $musicname', 'C:\\laragon\\www\\MUSIC\\mp\\app\\Views\\music.php', 99)
 2 SYSTEMPATH\View\View.php(226): include('C:\\laragon\\www\\MUSIC\\mp\\app\\Views\\music.php')
 3 SYSTEMPATH\View\View.php(229): CodeIgniter\View\View->CodeIgniter\View\{closure}()
 4 SYSTEMPATH\Common.php(1188): CodeIgniter\View\View->render('music', [], true)
 5 APPPATH\Controllers\MusicController.php(24): view('music', [...])
 6 SYSTEMPATH\CodeIgniter.php(919): App\Controllers\MusicController->searchsong()
 7 SYSTEMPATH\CodeIgniter.php(494): CodeIgniter\CodeIgniter->runController(Object(App\Controllers\MusicController))
 8 SYSTEMPATH\CodeIgniter.php(353): CodeIgniter\CodeIgniter->handleRequest(null, Object(Config\Cache), false)
 9 FCPATH\index.php(79): CodeIgniter\CodeIgniter->run()
10 SYSTEMPATH\Commands\Server\rewrite.php(47): require_once('C:\\laragon\\www\\MUSIC\\mp\\public\\index.php')
CRITICAL - 2023-09-27 09:52:05 --> Undefined variable $musicname
in APPPATH\Views\music.php on line 99.
 1 APPPATH\Views\music.php(99): CodeIgniter\Debug\Exceptions->errorHandler(2, 'Undefined variable $musicname', 'C:\\laragon\\www\\MUSIC\\mp\\app\\Views\\music.php', 99)
 2 SYSTEMPATH\View\View.php(226): include('C:\\laragon\\www\\MUSIC\\mp\\app\\Views\\music.php')
 3 SYSTEMPATH\View\View.php(229): CodeIgniter\View\View->CodeIgniter\View\{closure}()
 4 SYSTEMPATH\Common.php(1188): CodeIgniter\View\View->render('music', [], true)
 5 APPPATH\Controllers\MusicController.php(24): view('music', [...])
 6 SYSTEMPATH\CodeIgniter.php(919): App\Controllers\MusicController->searchsong()
 7 SYSTEMPATH\CodeIgniter.php(494): CodeIgniter\CodeIgniter->runController(Object(App\Controllers\MusicController))
 8 SYSTEMPATH\CodeIgniter.php(353): CodeIgniter\CodeIgniter->handleRequest(null, Object(Config\Cache), false)
 9 FCPATH\index.php(79): CodeIgniter\CodeIgniter->run()
10 SYSTEMPATH\Commands\Server\rewrite.php(47): require_once('C:\\laragon\\www\\MUSIC\\mp\\public\\index.php')
CRITICAL - 2023-09-27 09:58:33 --> Class "App\Models\PlaylistModel" not found
in APPPATH\Controllers\MusicController.php on line 12.
 1 SYSTEMPATH\CodeIgniter.php(919): App\Controllers\MusicController->index()
 2 SYSTEMPATH\CodeIgniter.php(494): CodeIgniter\CodeIgniter->runController(Object(App\Controllers\MusicController))
 3 SYSTEMPATH\CodeIgniter.php(353): CodeIgniter\CodeIgniter->handleRequest(null, Object(Config\Cache), false)
 4 FCPATH\index.php(79): CodeIgniter\CodeIgniter->run()
 5 SYSTEMPATH\Commands\Server\rewrite.php(47): require_once('C:\\laragon\\www\\MUSIC\\mp\\public\\index.php')
CRITICAL - 2023-09-27 12:28:07 --> Undefined variable $music
in APPPATH\Views\music.php on line 107.
 1 APPPATH\Views\music.php(107): CodeIgniter\Debug\Exceptions->errorHandler(2, 'Undefined variable $music', 'C:\\laragon\\www\\MUSIC\\mp\\app\\Views\\music.php', 107)
 2 SYSTEMPATH\View\View.php(226): include('C:\\laragon\\www\\MUSIC\\mp\\app\\Views\\music.php')
 3 SYSTEMPATH\View\View.php(229): CodeIgniter\View\View->CodeIgniter\View\{closure}()
 4 SYSTEMPATH\Common.php(1188): CodeIgniter\View\View->render('music', [], true)
 5 APPPATH\Controllers\MusicController.php(24): view('music', [...])
 6 SYSTEMPATH\CodeIgniter.php(919): App\Controllers\MusicController->searchsong()
 7 SYSTEMPATH\CodeIgniter.php(494): CodeIgniter\CodeIgniter->runController(Object(App\Controllers\MusicController))
 8 SYSTEMPATH\CodeIgniter.php(353): CodeIgniter\CodeIgniter->handleRequest(null, Object(Config\Cache), false)
 9 FCPATH\index.php(79): CodeIgniter\CodeIgniter->run()
10 SYSTEMPATH\Commands\Server\rewrite.php(47): require_once('C:\\laragon\\www\\MUSIC\\mp\\public\\index.php')
CRITICAL - 2023-09-27 12:38:47 --> Undefined variable $data
in APPPATH\Controllers\MusicController.php on line 37.
 1 APPPATH\Controllers\MusicController.php(37): CodeIgniter\Debug\Exceptions->errorHandler(2, 'Undefined variable $data', 'C:\\laragon\\www\\MUSIC\\mp\\app\\Controllers\\MusicController.php', 37)
 2 SYSTEMPATH\CodeIgniter.php(919): App\Controllers\MusicController->searchsong()
 3 SYSTEMPATH\CodeIgniter.php(494): CodeIgniter\CodeIgniter->runController(Object(App\Controllers\MusicController))
 4 SYSTEMPATH\CodeIgniter.php(353): CodeIgniter\CodeIgniter->handleRequest(null, Object(Config\Cache), false)
 5 FCPATH\index.php(79): CodeIgniter\CodeIgniter->run()
 6 SYSTEMPATH\Commands\Server\rewrite.php(47): require_once('C:\\laragon\\www\\MUSIC\\mp\\public\\index.php')
